1627037837084	mozrunner::runner	INFO	Running command: "C:\\Program Files\\Mozilla Firefox\\firefox.exe" "-marionette" "-foreground" "-no-remote" "-profile" "C:\\Users\\diego\\AppData\\Local\\Temp\\rust_mozprofilepQKiQA"
1627037839159	Marionette	INFO	Marionette enabled
JavaScript error: resource://gre/modules/XULStore.jsm, line 66: Error: Can't find profile directory.
console.warn: SearchSettings: "get: No settings file exists, new profile?" (new NotFoundError("Could not open the file at C:\\Users\\diego\\AppData\\Local\\Temp\\rust_mozprofilepQKiQA\\search.json.mozlz4", (void 0)))
1627037844071	Marionette	INFO	Listening on port 57399
1627037844573	Marionette	WARN	TLS certificate errors will be ignored for this session
JavaScript error: http://pctel3.duckdns.org:8008/ScriptResource.axd?d=tezwe4yVLvov9ShS4hUEzpLRt4SwCZErcEgAvsyExf_pqOe_nvs5Z-mYK-Zuzpc27ZbJT7CRp-G-CWUblN7VbiFIyjWICDB8I0HPufqNqYjK9_ykMBBlBIGHRJrZ4HBIwy_ZCT0uNtF9dom6DPe6ZN4AV4Pwha0TEcG2Qq1jS0k1&t=f2cd5c5, line 103: TypeError: this._popupElement is null
JavaScript error: http://pctel3.duckdns.org:8008/ScriptResource.axd?d=tezwe4yVLvov9ShS4hUEzpLRt4SwCZErcEgAvsyExf_pqOe_nvs5Z-mYK-Zuzpc27ZbJT7CRp-G-CWUblN7VbiFIyjWICDB8I0HPufqNqYjK9_ykMBBlBIGHRJrZ4HBIwy_ZCT0uNtF9dom6DPe6ZN4AV4Pwha0TEcG2Qq1jS0k1&t=f2cd5c5, line 103: TypeError: this._popupElement is null
JavaScript error: http://pctel3.duckdns.org:8008/ScriptResource.axd?d=tezwe4yVLvov9ShS4hUEzpLRt4SwCZErcEgAvsyExf_pqOe_nvs5Z-mYK-Zuzpc27ZbJT7CRp-G-CWUblN7VbiFIyjWICDB8I0HPufqNqYjK9_ykMBBlBIGHRJrZ4HBIwy_ZCT0uNtF9dom6DPe6ZN4AV4Pwha0TEcG2Qq1jS0k1&t=f2cd5c5, line 103: TypeError: this._popupElement is null
JavaScript error: http://pctel3.duckdns.org:8008/ScriptResource.axd?d=tezwe4yVLvov9ShS4hUEzpLRt4SwCZErcEgAvsyExf_pqOe_nvs5Z-mYK-Zuzpc27ZbJT7CRp-G-CWUblN7VbiFIyjWICDB8I0HPufqNqYjK9_ykMBBlBIGHRJrZ4HBIwy_ZCT0uNtF9dom6DPe6ZN4AV4Pwha0TEcG2Qq1jS0k1&t=f2cd5c5, line 103: TypeError: this._popupElement is null
JavaScript error: http://pctel3.duckdns.org:8008/ScriptResource.axd?d=tezwe4yVLvov9ShS4hUEzpLRt4SwCZErcEgAvsyExf_pqOe_nvs5Z-mYK-Zuzpc27ZbJT7CRp-G-CWUblN7VbiFIyjWICDB8I0HPufqNqYjK9_ykMBBlBIGHRJrZ4HBIwy_ZCT0uNtF9dom6DPe6ZN4AV4Pwha0TEcG2Qq1jS0k1&t=f2cd5c5, line 103: TypeError: this._popupElement is null
JavaScript error: http://pctel3.duckdns.org:8008/ScriptResource.axd?d=tezwe4yVLvov9ShS4hUEzpLRt4SwCZErcEgAvsyExf_pqOe_nvs5Z-mYK-Zuzpc27ZbJT7CRp-G-CWUblN7VbiFIyjWICDB8I0HPufqNqYjK9_ykMBBlBIGHRJrZ4HBIwy_ZCT0uNtF9dom6DPe6ZN4AV4Pwha0TEcG2Qq1jS0k1&t=f2cd5c5, line 103: TypeError: this._popupElement is null
JavaScript error: , line 0: NotAllowedError: The play method is not allowed by the user agent or the platform in the current context, possibly because the user denied permission.
JavaScript error: , line 0: uncaught exception: undefined
JavaScript error: https://pctel3.duckdns.org:40443/libs/js/jquery/jquery-upl-colResizable-1.5.min.js, line 2: TypeError: t.removeClass is not a function
JavaScript error: https://js.zohocdn.com/zohosearch/h1/js/gshandler.js?_T=1627038263683, line 1: TypeError: eachLangcountry.lowerCase is not a function
JavaScript error: http://pctel3.duckdns.org:8008/ScriptResource.axd?d=tezwe4yVLvov9ShS4hUEzpLRt4SwCZErcEgAvsyExf_pqOe_nvs5Z-mYK-Zuzpc27ZbJT7CRp-G-CWUblN7VbiFIyjWICDB8I0HPufqNqYjK9_ykMBBlBIGHRJrZ4HBIwy_ZCT0uNtF9dom6DPe6ZN4AV4Pwha0TEcG2Qq1jS0k1&t=f2cd5c5, line 103: TypeError: this._popupElement is null
[Parent 8000, IPC I/O Parent] WARNING: pipe error: 232: file /builds/worker/checkouts/gecko/ipc/chromium/src/chrome/common/ipc_channel_win.cc:544
JavaScript error: https://pctel3.duckdns.org:40443/libs/js/jquery/jquery-upl-colResizable-1.5.min.js, line 2: TypeError: t.removeClass is not a function
JavaScript error: , line 0: NotAllowedError: The play method is not allowed by the user agent or the platform in the current context, possibly because the user denied permission.
JavaScript error: http://pctel3.duckdns.org:8008/ScriptResource.axd?d=tezwe4yVLvov9ShS4hUEzpLRt4SwCZErcEgAvsyExf_pqOe_nvs5Z-mYK-Zuzpc27ZbJT7CRp-G-CWUblN7VbiFIyjWICDB8I0HPufqNqYjK9_ykMBBlBIGHRJrZ4HBIwy_ZCT0uNtF9dom6DPe6ZN4AV4Pwha0TEcG2Qq1jS0k1&t=f2cd5c5, line 103: TypeError: this._popupElement is null
console.log: WebExtensions: reset-default-search: starting.
console.log: WebExtensions: reset-default-search: No addons in our list are installed.
JavaScript error: http://pctel3.duckdns.org:8008/ScriptResource.axd?d=tezwe4yVLvov9ShS4hUEzpLRt4SwCZErcEgAvsyExf_pqOe_nvs5Z-mYK-Zuzpc27ZbJT7CRp-G-CWUblN7VbiFIyjWICDB8I0HPufqNqYjK9_ykMBBlBIGHRJrZ4HBIwy_ZCT0uNtF9dom6DPe6ZN4AV4Pwha0TEcG2Qq1jS0k1&t=f2cd5c5, line 103: TypeError: this._popupElement is null
JavaScript error: http://pctel3.duckdns.org:8008/ScriptResource.axd?d=tezwe4yVLvov9ShS4hUEzpLRt4SwCZErcEgAvsyExf_pqOe_nvs5Z-mYK-Zuzpc27ZbJT7CRp-G-CWUblN7VbiFIyjWICDB8I0HPufqNqYjK9_ykMBBlBIGHRJrZ4HBIwy_ZCT0uNtF9dom6DPe6ZN4AV4Pwha0TEcG2Qq1jS0k1&t=f2cd5c5, line 103: TypeError: this._popupElement is null
JavaScript error: http://pctel3.duckdns.org:8008/ScriptResource.axd?d=tezwe4yVLvov9ShS4hUEzpLRt4SwCZErcEgAvsyExf_pqOe_nvs5Z-mYK-Zuzpc27ZbJT7CRp-G-CWUblN7VbiFIyjWICDB8I0HPufqNqYjK9_ykMBBlBIGHRJrZ4HBIwy_ZCT0uNtF9dom6DPe6ZN4AV4Pwha0TEcG2Qq1jS0k1&t=f2cd5c5, line 103: TypeError: this._popupElement is null
JavaScript error: http://pctel3.duckdns.org:8008/ScriptResource.axd?d=tezwe4yVLvov9ShS4hUEzpLRt4SwCZErcEgAvsyExf_pqOe_nvs5Z-mYK-Zuzpc27ZbJT7CRp-G-CWUblN7VbiFIyjWICDB8I0HPufqNqYjK9_ykMBBlBIGHRJrZ4HBIwy_ZCT0uNtF9dom6DPe6ZN4AV4Pwha0TEcG2Qq1jS0k1&t=f2cd5c5, line 103: TypeError: this._popupElement is null
JavaScript error: http://pctel3.duckdns.org:8008/ScriptResource.axd?d=tezwe4yVLvov9ShS4hUEzpLRt4SwCZErcEgAvsyExf_pqOe_nvs5Z-mYK-Zuzpc27ZbJT7CRp-G-CWUblN7VbiFIyjWICDB8I0HPufqNqYjK9_ykMBBlBIGHRJrZ4HBIwy_ZCT0uNtF9dom6DPe6ZN4AV4Pwha0TEcG2Qq1jS0k1&t=f2cd5c5, line 103: TypeError: this._popupElement is null
JavaScript error: http://pctel3.duckdns.org:8008/ScriptResource.axd?d=tezwe4yVLvov9ShS4hUEzpLRt4SwCZErcEgAvsyExf_pqOe_nvs5Z-mYK-Zuzpc27ZbJT7CRp-G-CWUblN7VbiFIyjWICDB8I0HPufqNqYjK9_ykMBBlBIGHRJrZ4HBIwy_ZCT0uNtF9dom6DPe6ZN4AV4Pwha0TEcG2Qq1jS0k1&t=f2cd5c5, line 103: TypeError: this._popupElement is null
JavaScript error: http://pctel3.duckdns.org:8008/ScriptResource.axd?d=tezwe4yVLvov9ShS4hUEzpLRt4SwCZErcEgAvsyExf_pqOe_nvs5Z-mYK-Zuzpc27ZbJT7CRp-G-CWUblN7VbiFIyjWICDB8I0HPufqNqYjK9_ykMBBlBIGHRJrZ4HBIwy_ZCT0uNtF9dom6DPe6ZN4AV4Pwha0TEcG2Qq1jS0k1&t=f2cd5c5, line 103: TypeError: this._popupElement is null
JavaScript error: http://pctel3.duckdns.org:8008/ScriptResource.axd?d=tezwe4yVLvov9ShS4hUEzpLRt4SwCZErcEgAvsyExf_pqOe_nvs5Z-mYK-Zuzpc27ZbJT7CRp-G-CWUblN7VbiFIyjWICDB8I0HPufqNqYjK9_ykMBBlBIGHRJrZ4HBIwy_ZCT0uNtF9dom6DPe6ZN4AV4Pwha0TEcG2Qq1jS0k1&t=f2cd5c5, line 103: TypeError: this._popupElement is null
JavaScript error: http://pctel3.duckdns.org:8008/ScriptResource.axd?d=tezwe4yVLvov9ShS4hUEzpLRt4SwCZErcEgAvsyExf_pqOe_nvs5Z-mYK-Zuzpc27ZbJT7CRp-G-CWUblN7VbiFIyjWICDB8I0HPufqNqYjK9_ykMBBlBIGHRJrZ4HBIwy_ZCT0uNtF9dom6DPe6ZN4AV4Pwha0TEcG2Qq1jS0k1&t=f2cd5c5, line 103: TypeError: this._popupElement is null
JavaScript error: , line 0: uncaught exception: Object
JavaScript error: , line 0: uncaught exception: Object
JavaScript error: , line 0: uncaught exception: Object
JavaScript error: , line 0: uncaught exception: Object
JavaScript error: , line 0: uncaught exception: Object
JavaScript error: , line 0: uncaught exception: Object
1627053301739	Marionette	INFO	Stopped listening on port 57399
